\BOOKMARK [1][-]{section.1}{Gli algoritmi gossip-based}{}% 1
\BOOKMARK [2][-]{subsection.1.1}{Algoritmi per il conteggio dei nodi}{section.1}% 2
\BOOKMARK [1][-]{section.2}{GOSSIPICO}{}% 3
\BOOKMARK [1][-]{section.3}{Il modulo COUNT}{}% 4
\BOOKMARK [2][-]{subsection.3.1}{Struttura dei messaggi}{section.3}% 5
\BOOKMARK [2][-]{subsection.3.2}{Regole di message-combining}{section.3}% 6
\BOOKMARK [2][-]{subsection.3.3}{Implementazione}{section.3}% 7
\BOOKMARK [1][-]{section.4}{Il modulo BEACON}{}% 8
\BOOKMARK [2][-]{subsection.4.1}{Il meccanismo delle schermaglie}{section.4}% 9
\BOOKMARK [2][-]{subsection.4.2}{Variazioni sul modulo COUNT}{section.4}% 10
\BOOKMARK [2][-]{subsection.4.3}{Implementazione}{section.4}% 11
\BOOKMARK [1][-]{section.5}{Reti dinamiche}{}% 12
\BOOKMARK [2][-]{subsection.5.1}{Implementazione}{section.5}% 13
\BOOKMARK [1][-]{section.6}{Interazione}{}% 14
\BOOKMARK [1][-]{section.7}{Ulteriori Classi}{}% 15
\BOOKMARK [2][-]{subsection.7.1}{Altre funzioni di aggregazione}{section.7}% 16
\BOOKMARK [2][-]{subsection.7.2}{Inizializzatori}{section.7}% 17
\BOOKMARK [2][-]{subsection.7.3}{Raccolta di statistiche}{section.7}% 18
\BOOKMARK [2][-]{subsection.7.4}{Debugging}{section.7}% 19
\BOOKMARK [1][-]{section.8}{Performance}{}% 20
\BOOKMARK [2][-]{subsection.8.1}{Grafici delle performance}{section.8}% 21
\BOOKMARK [3][-]{subsubsection.8.1.1}{Evoluzione del numero di messaggi IC}{subsection.8.1}% 22
\BOOKMARK [3][-]{subsubsection.8.1.2}{Velocit\340 di convergenza}{subsection.8.1}% 23
\BOOKMARK [3][-]{subsubsection.8.1.3}{Evoluzione in caso di disconnessione di nodi}{subsection.8.1}% 24
\BOOKMARK [1][-]{section.9}{User guide}{}% 25
\BOOKMARK [2][-]{subsection.9.1}{Documentazione}{section.9}% 26
\BOOKMARK [2][-]{subsection.9.2}{Avvio della simulazione}{section.9}% 27
\BOOKMARK [1][-]{appendix.A}{Codice Sorgente}{}% 28
\BOOKMARK [2][-]{subsection.A.1}{Classi relative a COUNT}{appendix.A}% 29
\BOOKMARK [3][-]{subsubsection.A.1.1}{Classe CountModule}{subsection.A.1}% 30
\BOOKMARK [3][-]{subsubsection.A.1.2}{Classe Message}{subsection.A.1}% 31
\BOOKMARK [2][-]{subsection.A.2}{Classi relative a BEACON}{appendix.A}% 32
\BOOKMARK [3][-]{subsubsection.A.2.1}{Classe CountBeaconModule}{subsection.A.2}% 33
\BOOKMARK [3][-]{subsubsection.A.2.2}{Classe Army}{subsection.A.2}% 34
\BOOKMARK [2][-]{subsection.A.3}{Classi di Inizializzatori}{appendix.A}% 35
\BOOKMARK [3][-]{subsubsection.A.3.1}{Classe CountBeaconInitializer}{subsection.A.3}% 36
\BOOKMARK [3][-]{subsubsection.A.3.2}{Classe RandomInitializer}{subsection.A.3}% 37
\BOOKMARK [3][-]{subsubsection.A.3.3}{Classe PeakInitializer}{subsection.A.3}% 38
\BOOKMARK [3][-]{subsubsection.A.3.4}{Classe LinearInitializer}{subsection.A.3}% 39
\BOOKMARK [2][-]{subsection.A.4}{Sottoclassi di Message}{appendix.A}% 40
\BOOKMARK [3][-]{subsubsection.A.4.1}{Classe MaxMessage}{subsection.A.4}% 41
\BOOKMARK [3][-]{subsubsection.A.4.2}{Classe MinMessage}{subsection.A.4}% 42
\BOOKMARK [2][-]{subsection.A.5}{Classi di Osservatori}{appendix.A}% 43
\BOOKMARK [3][-]{subsubsection.A.5.1}{Classe Debugger}{subsection.A.5}% 44
\BOOKMARK [3][-]{subsubsection.A.5.2}{Classe Statistics}{subsection.A.5}% 45
